2024-01-29 15:02:03.904  INFO 19860 --- [main] com.alibaba.nacos.common.remote.client   : [RpcClientFactory] create a new rpc client of 4811232a-94e7-48b1-9bc1-c227b9c9e9ac_config-0
2024-01-29 15:02:03.939  INFO 19860 --- [main] org.reflections.Reflections              : Reflections took 21 ms to scan 1 urls, producing 3 keys and 6 values 
2024-01-29 15:02:03.958  INFO 19860 --- [main] org.reflections.Reflections              : Reflections took 8 ms to scan 1 urls, producing 4 keys and 9 values 
2024-01-29 15:02:03.966  INFO 19860 --- [main] org.reflections.Reflections              : Reflections took 6 ms to scan 1 urls, producing 3 keys and 10 values 
2024-01-29 15:02:04.071  INFO 19860 --- [main] org.reflections.Reflections              : Reflections took 103 ms to scan 207 urls, producing 0 keys and 0 values 
2024-01-29 15:02:04.084  INFO 19860 --- [main] org.reflections.Reflections              : Reflections took 5 ms to scan 1 urls, producing 1 keys and 5 values 
2024-01-29 15:02:04.094  INFO 19860 --- [main] org.reflections.Reflections              : Reflections took 8 ms to scan 1 urls, producing 1 keys and 7 values 
2024-01-29 15:02:04.101  INFO 19860 --- [main] org.reflections.Reflections              : Reflections took 6 ms to scan 1 urls, producing 2 keys and 8 values 
2024-01-29 15:02:04.202  INFO 19860 --- [main] org.reflections.Reflections              : Reflections took 99 ms to scan 207 urls, producing 0 keys and 0 values 
2024-01-29 15:02:04.203  INFO 19860 --- [main] com.alibaba.nacos.common.remote.client   : [4811232a-94e7-48b1-9bc1-c227b9c9e9ac_config-0] RpcClient init label, labels = {module=config, Vipserver-Tag=null, source=sdk, Amory-Tag=null, Location-Tag=null, taskId=0, AppName=unknown}
2024-01-29 15:02:04.204  INFO 19860 --- [main] com.alibaba.nacos.common.remote.client   : [4811232a-94e7-48b1-9bc1-c227b9c9e9ac_config-0] Register server push request handler:com.alibaba.nacos.client.config.impl.ClientWorker$ConfigRpcTransportClient$$Lambda$340/1713453581
2024-01-29 15:02:04.204  INFO 19860 --- [main] com.alibaba.nacos.common.remote.client   : [4811232a-94e7-48b1-9bc1-c227b9c9e9ac_config-0] Register server push request handler:com.alibaba.nacos.client.config.impl.ClientWorker$ConfigRpcTransportClient$$Lambda$341/178575564
2024-01-29 15:02:04.204  INFO 19860 --- [main] com.alibaba.nacos.common.remote.client   : [4811232a-94e7-48b1-9bc1-c227b9c9e9ac_config-0] Registry connection listener to current client:com.alibaba.nacos.client.config.impl.ClientWorker$ConfigRpcTransportClient$1
2024-01-29 15:02:04.205  INFO 19860 --- [main] com.alibaba.nacos.common.remote.client   : [4811232a-94e7-48b1-9bc1-c227b9c9e9ac_config-0] RpcClient init, ServerListFactory = com.alibaba.nacos.client.config.impl.ClientWorker$ConfigRpcTransportClient$2
2024-01-29 15:02:04.211  INFO 19860 --- [main] com.alibaba.nacos.common.remote.client   : [4811232a-94e7-48b1-9bc1-c227b9c9e9ac_config-0] Try to connect to server on start up, server: {serverIp = '47.108.82.61', server main port = 8848}
2024-01-29 15:02:05.344  INFO 19860 --- [main] com.alibaba.nacos.common.remote.client   : [4811232a-94e7-48b1-9bc1-c227b9c9e9ac_config-0] Success to connect to server [47.108.82.61:8848] on start up, connectionId = 1706511713725_117.175.165.235_63331
2024-01-29 15:02:05.344  INFO 19860 --- [com.alibaba.nacos.client.remote.worker] com.alibaba.nacos.common.remote.client   : [4811232a-94e7-48b1-9bc1-c227b9c9e9ac_config-0] Notify connected event to listeners.
2024-01-29 15:02:05.344  INFO 19860 --- [main] com.alibaba.nacos.common.remote.client   : [4811232a-94e7-48b1-9bc1-c227b9c9e9ac_config-0] Register server push request handler:com.alibaba.nacos.common.remote.client.RpcClient$ConnectResetRequestHandler
2024-01-29 15:02:05.344  INFO 19860 --- [main] com.alibaba.nacos.common.remote.client   : [4811232a-94e7-48b1-9bc1-c227b9c9e9ac_config-0] Register server push request handler:com.alibaba.nacos.common.remote.client.RpcClient$$Lambda$349/1720760826
2024-01-29 15:02:05.460  WARN 19860 --- [main] c.a.c.n.c.NacosPropertySourceBuilder     : Ignore the empty nacos configuration and get it based on dataId[pay-server] & group[DEFAULT_GROUP]
2024-01-29 15:02:05.502  WARN 19860 --- [main] c.a.c.n.c.NacosPropertySourceBuilder     : Ignore the empty nacos configuration and get it based on dataId[pay-server.yaml] & group[DEFAULT_GROUP]
2024-01-29 15:02:05.547  WARN 19860 --- [main] c.a.c.n.c.NacosPropertySourceBuilder     : Ignore the empty nacos configuration and get it based on dataId[pay-server-local.yaml] & group[DEFAULT_GROUP]
2024-01-29 15:02:05.547  INFO 19860 --- [main] b.c.PropertySourceBootstrapConfiguration : Located property source: [BootstrapPropertySource {name='bootstrapProperties-pay-server-local.yaml,DEFAULT_GROUP'}, BootstrapPropertySource {name='bootstrapProperties-pay-server.yaml,DEFAULT_GROUP'}, BootstrapPropertySource {name='bootstrapProperties-pay-server,DEFAULT_GROUP'}, BootstrapPropertySource {name='bootstrapProperties-application-share.yml,DEFAULT_GROUP'}]
2024-01-29 15:02:05.554  INFO 19860 --- [main] c.s.t.module.pay.PayServerApplication    : The following 1 profile is active: "local"
2024-01-29 15:02:05.889  INFO 19860 --- [main] .s.d.r.c.RepositoryConfigurationDelegate : Multiple Spring Data modules found, entering strict repository configuration mode
2024-01-29 15:02:05.890  INFO 19860 --- [main] .s.d.r.c.RepositoryConfigurationDelegate : Bootstrapping Spring Data Redis repositories in DEFAULT mode.
2024-01-29 15:02:05.900  INFO 19860 --- [main] .s.d.r.c.RepositoryConfigurationDelegate : Finished Spring Data repository scanning in 3 ms. Found 0 Redis repository interfaces.
2024-01-29 15:02:06.001  WARN 19860 --- [main] o.m.s.mapper.ClassPathMapperScanner      : No MyBatis mapper was found in '[cn.shally.test.module.pay.dal.mysql]' package. Please check your configuration.
2024-01-29 15:02:06.039  INFO 19860 --- [main] o.s.cloud.context.scope.GenericScope     : BeanFactory id=df827f41-db70-312a-8ccf-e4af02e1dc83
2024-01-29 15:02:06.103  INFO 19860 --- [main] trationDelegate$BeanPostProcessorChecker : Bean 'org.springframework.cloud.commons.config.CommonsConfigAutoConfiguration' of type [org.springframework.cloud.commons.config.CommonsConfigAutoConfiguration] is not eligible for getting processed by all BeanPostProcessors (for example: not eligible for auto-proxying)
2024-01-29 15:02:06.104  INFO 19860 --- [main] trationDelegate$BeanPostProcessorChecker : Bean 'org.springframework.cloud.client.loadbalancer.LoadBalancerDefaultMappingsProviderAutoConfiguration' of type [org.springframework.cloud.client.loadbalancer.LoadBalancerDefaultMappingsProviderAutoConfiguration] is not eligible for getting processed by all BeanPostProcessors (for example: not eligible for auto-proxying)
2024-01-29 15:02:06.104  INFO 19860 --- [main] trationDelegate$BeanPostProcessorChecker : Bean 'loadBalancerClientsDefaultsMappingsProvider' of type [org.springframework.cloud.client.loadbalancer.LoadBalancerDefaultMappingsProviderAutoConfiguration$$Lambda$472/1180105925] is not eligible for getting processed by all BeanPostProcessors (for example: not eligible for auto-proxying)
2024-01-29 15:02:06.105  INFO 19860 --- [main] trationDelegate$BeanPostProcessorChecker : Bean 'defaultsBindHandlerAdvisor' of type [org.springframework.cloud.commons.config.DefaultsBindHandlerAdvisor] is not eligible for getting processed by all BeanPostProcessors (for example: not eligible for auto-proxying)
2024-01-29 15:02:06.108  INFO 19860 --- [main] trationDelegate$BeanPostProcessorChecker : Bean 'spring.datasource.dynamic-com.baomidou.dynamic.datasource.spring.boot.autoconfigure.DynamicDataSourceProperties' of type [com.baomidou.dynamic.datasource.spring.boot.autoconfigure.DynamicDataSourceProperties] is not eligible for getting processed by all BeanPostProcessors (for example: not eligible for auto-proxying)
2024-01-29 15:02:06.109  INFO 19860 --- [main] trationDelegate$BeanPostProcessorChecker : Bean 'com.baomidou.dynamic.datasource.spring.boot.autoconfigure.DynamicDataSourceAutoConfiguration' of type [com.baomidou.dynamic.datasource.spring.boot.autoconfigure.DynamicDataSourceAutoConfiguration$$EnhancerBySpringCGLIB$$6c0bbdc2] is not eligible for getting processed by all BeanPostProcessors (for example: not eligible for auto-proxying)
2024-01-29 15:02:06.118  INFO 19860 --- [main] trationDelegate$BeanPostProcessorChecker : Bean 'dsProcessor' of type [com.baomidou.dynamic.datasource.processor.DsHeaderProcessor] is not eligible for getting processed by all BeanPostProcessors (for example: not eligible for auto-proxying)
2024-01-29 15:02:06.439  INFO 19860 --- [main] o.s.b.w.embedded.tomcat.TomcatWebServer  : Tomcat initialized with port(s): 7900 (http)
2024-01-29 15:02:06.445  INFO 19860 --- [main] o.apache.catalina.core.StandardService   : Starting service [Tomcat]
2024-01-29 15:02:06.445  INFO 19860 --- [main] org.apache.catalina.core.StandardEngine  : Starting Servlet engine: [Apache Tomcat/9.0.82]
2024-01-29 15:02:06.578  INFO 19860 --- [main] o.a.c.c.C.[Tomcat].[localhost].[/]       : Initializing Spring embedded WebApplicationContext
2024-01-29 15:02:06.578  INFO 19860 --- [main] w.s.c.ServletWebServerApplicationContext : Root WebApplicationContext: initialization completed in 1013 ms
2024-01-29 15:02:06.790  INFO 19860 --- [main] o.s.c.openfeign.FeignClientFactoryBean   : For 'system-server' URL not provided. Will try picking an instance via load-balancing.
2024-01-29 15:02:06.832  INFO 19860 --- [main] o.s.c.openfeign.FeignClientFactoryBean   : For 'system-server' URL not provided. Will try picking an instance via load-balancing.
2024-01-29 15:02:06.845  INFO 19860 --- [main] o.s.c.openfeign.FeignClientFactoryBean   : For 'system-server' URL not provided. Will try picking an instance via load-balancing.
2024-01-29 15:02:07.151  WARN 19860 --- [main] .s.s.UserDetailsServiceAutoConfiguration : 

Using generated security password: 40c31ef3-dfa0-42e2-b5f5-8dae165da296

This generated password is for development use only. Your security configuration must be updated before running your application in production.

2024-01-29 15:02:07.212  INFO 19860 --- [main] o.s.s.web.DefaultSecurityFilterChain     : Will secure any request with [org.springframework.security.web.session.DisableEncodeUrlFilter@ff8e36d, org.springframework.security.web.context.request.async.WebAsyncManagerIntegrationFilter@116b0b32, org.springframework.security.web.context.SecurityContextPersistenceFilter@6ee1ddcf, org.springframework.security.web.header.HeaderWriterFilter@2aeb7c4c, org.springframework.web.filter.CorsFilter@4f22fd5d, org.springframework.security.web.authentication.logout.LogoutFilter@400e741, cn.wisewe.framework.core.filter.TokenAuthenticationFilter@26d445e9, org.springframework.security.web.savedrequest.RequestCacheAwareFilter@70aa03c0, org.springframework.security.web.servletapi.SecurityContextHolderAwareRequestFilter@44da745f, org.springframework.security.web.authentication.AnonymousAuthenticationFilter@6e7f29d5, org.springframework.security.web.session.SessionManagementFilter@1fd35a92, org.springframework.security.web.access.ExceptionTranslationFilter@9825465, org.springframework.security.web.access.intercept.FilterSecurityInterceptor@3e0704e2]
2024-01-29 15:02:07.477  INFO 19860 --- [main] org.redisson.Version                     : Redisson 3.18.0
2024-01-29 15:02:07.819  INFO 19860 --- [redisson-netty-2-9] o.r.c.pool.MasterPubSubConnectionPool    : 1 connections initialized for 47.108.82.61/47.108.82.61:8001
2024-01-29 15:02:08.739  INFO 19860 --- [redisson-netty-2-19] o.r.c.pool.MasterConnectionPool          : 24 connections initialized for 47.108.82.61/47.108.82.61:8001
2024-01-29 15:02:09.097  WARN 19860 --- [main] c.b.d.d.DynamicRoutingDataSource         : dynamic-datasource initial loaded [0] datasource,Please add your primary datasource or check your configuration
2024-01-29 15:02:09.133  INFO 19860 --- [main] c.g.y.a.MybatisPlusJoinAutoConfiguration : MPJSqlInjector init
2024-01-29 15:02:09.610  WARN 19860 --- [main] iguration$LoadBalancerCaffeineWarnLogger : Spring Cloud LoadBalancer is currently working with the default cache. While this cache implementation is useful for development and tests, it's recommended to use Caffeine cache in production.You can switch to using Caffeine cache, by adding it and org.springframework.cache.caffeine.CaffeineCacheManager to the classpath.
2024-01-29 15:02:09.789  INFO 19860 --- [main] com.alibaba.nacos.common.remote.client   : [RpcClientFactory] create a new rpc client of 37b1f9cb-b7eb-4db5-844b-66295202583a
2024-01-29 15:02:09.789  INFO 19860 --- [main] com.alibaba.nacos.common.remote.client   : [37b1f9cb-b7eb-4db5-844b-66295202583a] RpcClient init label, labels = {module=naming, source=sdk}
2024-01-29 15:02:09.790  INFO 19860 --- [main] com.alibaba.nacos.common.remote.client   : [37b1f9cb-b7eb-4db5-844b-66295202583a] RpcClient init, ServerListFactory = com.alibaba.nacos.client.naming.core.ServerListManager
2024-01-29 15:02:09.790  INFO 19860 --- [main] com.alibaba.nacos.common.remote.client   : [37b1f9cb-b7eb-4db5-844b-66295202583a] Registry connection listener to current client:com.alibaba.nacos.client.naming.remote.gprc.redo.NamingGrpcRedoService
2024-01-29 15:02:09.790  INFO 19860 --- [main] com.alibaba.nacos.common.remote.client   : [37b1f9cb-b7eb-4db5-844b-66295202583a] Register server push request handler:com.alibaba.nacos.client.naming.remote.gprc.NamingPushRequestHandler
2024-01-29 15:02:09.790  INFO 19860 --- [main] com.alibaba.nacos.common.remote.client   : [37b1f9cb-b7eb-4db5-844b-66295202583a] Try to connect to server on start up, server: {serverIp = '47.108.82.61', server main port = 8848}
2024-01-29 15:02:10.028  INFO 19860 --- [main] com.alibaba.nacos.common.remote.client   : [37b1f9cb-b7eb-4db5-844b-66295202583a] Success to connect to server [47.108.82.61:8848] on start up, connectionId = 1706511718454_117.175.165.235_63487
2024-01-29 15:02:10.028  INFO 19860 --- [main] com.alibaba.nacos.common.remote.client   : [37b1f9cb-b7eb-4db5-844b-66295202583a] Register server push request handler:com.alibaba.nacos.common.remote.client.RpcClient$ConnectResetRequestHandler
2024-01-29 15:02:10.028  INFO 19860 --- [main] com.alibaba.nacos.common.remote.client   : [37b1f9cb-b7eb-4db5-844b-66295202583a] Register server push request handler:com.alibaba.nacos.common.remote.client.RpcClient$$Lambda$349/1720760826
2024-01-29 15:02:10.028  INFO 19860 --- [com.alibaba.nacos.client.remote.worker] com.alibaba.nacos.common.remote.client   : [37b1f9cb-b7eb-4db5-844b-66295202583a] Notify connected event to listeners.
2024-01-29 15:02:10.096  INFO 19860 --- [main] o.s.b.w.embedded.tomcat.TomcatWebServer  : Tomcat started on port(s): 7900 (http) with context path ''
2024-01-29 15:02:10.141  INFO 19860 --- [main] c.a.c.n.registry.NacosServiceRegistry    : nacos registry, DEFAULT_GROUP pay-server 47.108.82.61:7900 register finished
2024-01-29 15:02:10.316  INFO 19860 --- [main] c.s.t.module.pay.PayServerApplication    : Started PayServerApplication in 7.576 seconds (JVM running for 8.295)
2024-01-29 15:02:10.321  INFO 19860 --- [main] c.a.c.n.refresh.NacosContextRefresher    : [Nacos Config] Listening config: dataId=application-share.yml, group=DEFAULT_GROUP
2024-01-29 15:02:10.322  INFO 19860 --- [main] c.a.c.n.refresh.NacosContextRefresher    : [Nacos Config] Listening config: dataId=pay-server.yaml, group=DEFAULT_GROUP
2024-01-29 15:02:10.322  INFO 19860 --- [main] c.a.c.n.refresh.NacosContextRefresher    : [Nacos Config] Listening config: dataId=pay-server, group=DEFAULT_GROUP
2024-01-29 15:02:10.322  INFO 19860 --- [main] c.a.c.n.refresh.NacosContextRefresher    : [Nacos Config] Listening config: dataId=pay-server-local.yaml, group=DEFAULT_GROUP
2024-01-29 15:02:10.667  INFO 19860 --- [nacos-grpc-client-executor-6] com.alibaba.nacos.common.remote.client   : [37b1f9cb-b7eb-4db5-844b-66295202583a] Receive server push request, request = NotifySubscriberRequest, requestId = 2035
2024-01-29 15:02:10.670  INFO 19860 --- [nacos-grpc-client-executor-6] com.alibaba.nacos.common.remote.client   : [37b1f9cb-b7eb-4db5-844b-66295202583a] Ack server push request, request = NotifySubscriberRequest, requestId = 2035
2024-01-29 15:02:16.638  WARN 19860 --- [Thread-2] c.a.n.common.http.HttpClientBeanHolder   : [HttpClientBeanHolder] Start destroying common HttpClient
2024-01-29 15:02:16.638  WARN 19860 --- [Thread-9] c.a.nacos.common.notify.NotifyCenter     : [NotifyCenter] Start destroying Publisher
2024-01-29 15:02:16.638  WARN 19860 --- [Thread-9] c.a.nacos.common.notify.NotifyCenter     : [NotifyCenter] Destruction of the end
2024-01-29 15:02:16.638  WARN 19860 --- [Thread-2] c.a.n.common.http.HttpClientBeanHolder   : [HttpClientBeanHolder] Destruction of the end
